<?xml version="1.0" encoding="UTF-8"?>
<!-- Generated by org.testng.reporters.JUnitXMLReporter -->
<testsuite hostname="LIN17000201" ignored="10" name="SeleniumTest" tests="10" failures="0" timestamp="2019-11-17T18:35:27 IST" time="70.531" errors="0">
  <testcase name="checkCredentialFields" time="0.154" classname="com.auto.selenium.pagetest.LoginTest"/>
  <testcase name="checkErrorText" time="2.342" classname="com.auto.selenium.pagetest.LoginTest"/>
  <testcase name="checkValidCredentials" time="3.833" classname="com.auto.selenium.pagetest.LoginTest"/>
  <testcase name="checkforAnnotationPage" time="0.964" classname="com.auto.selenium.pagetest.HomePageTest"/>
  <testcase name="checkforDataPage" time="0.617" classname="com.auto.selenium.pagetest.HomePageTest"/>
  <testcase name="checkforDisabledLink" time="30.094" classname="com.auto.selenium.pagetest.HomePageTest"/>
  <testcase name="checkElementTable" time="15.346" classname="com.auto.selenium.pagetest.TrainPageTest"/>
  <testcase name="checkTable" time="15.431" classname="com.auto.selenium.pagetest.DataModelerPageTest"/>
  <testcase name="TestSearchData" time="0.359" classname="com.auto.selenium.pagetest.DataModelerPageTest"/>
  <testcase name="AddCollection" time="1.297" classname="com.auto.selenium.pagetest.AnnotatePageTest"/>
  <testcase name="@BeforeSuite openBrowser" time="0.0" classname="com.auto.selenium.base.BaseTest">
    <ignored/>
  </testcase> <!-- @BeforeSuite openBrowser -->
  <testcase name="@BeforeSuite openBrowser" time="0.0" classname="com.auto.selenium.base.BaseTest">
    <ignored/>
  </testcase> <!-- @BeforeSuite openBrowser -->
  <testcase name="@BeforeSuite openBrowser" time="0.0" classname="com.auto.selenium.base.BaseTest">
    <ignored/>
  </testcase> <!-- @BeforeSuite openBrowser -->
  <testcase name="@BeforeSuite openBrowser" time="0.0" classname="com.auto.selenium.base.BaseTest">
    <ignored/>
  </testcase> <!-- @BeforeSuite openBrowser -->
  <testcase name="@BeforeSuite openBrowser" time="0.0" classname="com.auto.selenium.base.BaseTest">
    <ignored/>
  </testcase> <!-- @BeforeSuite openBrowser -->
  <testcase name="@AfterSuite closeBrowser" time="0.0" classname="com.auto.selenium.base.BaseTest">
    <ignored/>
  </testcase> <!-- @AfterSuite closeBrowser -->
  <testcase name="@AfterSuite closeBrowser" time="0.0" classname="com.auto.selenium.base.BaseTest">
    <ignored/>
  </testcase> <!-- @AfterSuite closeBrowser -->
  <testcase name="@AfterSuite closeBrowser" time="0.0" classname="com.auto.selenium.base.BaseTest">
    <ignored/>
  </testcase> <!-- @AfterSuite closeBrowser -->
  <testcase name="@AfterSuite closeBrowser" time="0.0" classname="com.auto.selenium.base.BaseTest">
    <ignored/>
  </testcase> <!-- @AfterSuite closeBrowser -->
  <testcase name="@AfterSuite closeBrowser" time="0.0" classname="com.auto.selenium.base.BaseTest">
    <ignored/>
  </testcase> <!-- @AfterSuite closeBrowser -->
</testsuite> <!-- SeleniumTest -->
